Dec 07, 2017 11:56:01 AM org.apache.catalina.core.AprLifecycleListener init
INFO: Loaded APR based Apache Tomcat Native library 1.2.12.
Dec 07, 2017 11:56:01 AM org.apache.catalina.core.AprLifecycleListener init
INFO: APR capabilities: IPv6 [true], sendfile [true], accept filters [false], random [true].
Dec 07, 2017 11:56:03 AM org.apache.coyote.AbstractProtocol init
INFO: Initializing ProtocolHandler ["http-apr-8080"]
Dec 07, 2017 11:56:03 AM org.apache.coyote.AbstractProtocol init
INFO: Initializing ProtocolHandler ["ajp-apr-8009"]
Dec 07, 2017 11:56:03 AM org.apache.catalina.startup.Catalina load
INFO: Initialization processed in 2582 ms
Dec 07, 2017 11:56:03 AM org.apache.catalina.core.StandardService startInternal
INFO: Starting service Catalina
Dec 07, 2017 11:56:03 AM org.apache.catalina.core.StandardEngine startInternal
INFO: Starting Servlet Engine: Apache Tomcat/7.0.27
Dec 07, 2017 11:56:03 AM org.apache.catalina.startup.HostConfig deployDirectory
INFO: Deploying web application directory C:\Program Files\Apache Software Foundation\Tomcat 7.0\webapps\docs
Dec 07, 2017 11:56:04 AM org.apache.catalina.util.SessionIdGenerator createSecureRandom
INFO: Creation of SecureRandom instance for session ID generation using [SHA1PRNG] took [253] milliseconds.
Dec 07, 2017 11:56:04 AM org.apache.catalina.startup.HostConfig deployDirectory
INFO: Deploying web application directory C:\Program Files\Apache Software Foundation\Tomcat 7.0\webapps\manager
Dec 07, 2017 11:56:04 AM org.apache.catalina.startup.HostConfig deployDirectory
INFO: Deploying web application directory C:\Program Files\Apache Software Foundation\Tomcat 7.0\webapps\ROOT
Dec 07, 2017 11:56:04 AM org.apache.coyote.AbstractProtocol start
INFO: Starting ProtocolHandler ["http-apr-8080"]
Dec 07, 2017 11:56:04 AM org.apache.coyote.AbstractProtocol start
INFO: Starting ProtocolHandler ["ajp-apr-8009"]
Dec 07, 2017 11:56:04 AM org.apache.catalina.startup.Catalina start
INFO: Server startup in 984 ms
Dec 07, 2017 11:56:37 AM org.apache.coyote.AbstractProtocol pause
INFO: Pausing ProtocolHandler ["http-apr-8080"]
Dec 07, 2017 11:56:37 AM org.apache.coyote.AbstractProtocol pause
INFO: Pausing ProtocolHandler ["ajp-apr-8009"]
Dec 07, 2017 11:56:37 AM org.apache.catalina.core.StandardService stopInternal
INFO: Stopping service Catalina
Dec 07, 2017 11:56:37 AM org.apache.coyote.AbstractProtocol stop
INFO: Stopping ProtocolHandler ["http-apr-8080"]
Dec 07, 2017 11:56:37 AM org.apache.coyote.AbstractProtocol stop
INFO: Stopping ProtocolHandler ["ajp-apr-8009"]
Dec 07, 2017 12:05:54 PM org.apache.catalina.core.AprLifecycleListener init
INFO: Loaded APR based Apache Tomcat Native library 1.2.12.
Dec 07, 2017 12:05:54 PM org.apache.catalina.core.AprLifecycleListener init
INFO: APR capabilities: IPv6 [true], sendfile [true], accept filters [false], random [true].
Dec 07, 2017 12:05:55 PM org.apache.coyote.AbstractProtocol init
INFO: Initializing ProtocolHandler ["http-apr-8080"]
Dec 07, 2017 12:05:55 PM org.apache.coyote.AbstractProtocol init
INFO: Initializing ProtocolHandler ["ajp-apr-8009"]
Dec 07, 2017 12:05:55 PM org.apache.catalina.startup.Catalina load
INFO: Initialization processed in 1167 ms
Dec 07, 2017 12:05:55 PM org.apache.catalina.core.StandardService startInternal
INFO: Starting service Catalina
Dec 07, 2017 12:05:55 PM org.apache.catalina.core.StandardEngine startInternal
INFO: Starting Servlet Engine: Apache Tomcat/7.0.27
Dec 07, 2017 12:05:55 PM org.apache.catalina.startup.HostConfig deployWAR
INFO: Deploying web application archive C:\Program Files\Apache Software Foundation\Tomcat 7.0\webapps\kptts.war
Dec 07, 2017 12:05:57 PM org.apache.catalina.loader.WebappClassLoader validateJarFile
INFO: validateJarFile(C:\Program Files\Apache Software Foundation\Tomcat 7.0\webapps\kptts\WEB-INF\lib\servlet-api-2.3.jar) - jar not loaded. See Servlet Spec 2.3, section 9.7.2. Offending class: javax/servlet/Servlet.class
Dec 07, 2017 12:05:57 PM org.apache.catalina.loader.WebappClassLoader validateJarFile
INFO: validateJarFile(C:\Program Files\Apache Software Foundation\Tomcat 7.0\webapps\kptts\WEB-INF\lib\tomcat-embed-core-8.5.23.jar) - jar not loaded. See Servlet Spec 2.3, section 9.7.2. Offending class: javax/servlet/Servlet.class
Dec 07, 2017 12:05:57 PM org.apache.catalina.loader.WebappClassLoader validateJarFile
INFO: validateJarFile(C:\Program Files\Apache Software Foundation\Tomcat 7.0\webapps\kptts\WEB-INF\lib\tomcat-embed-el-8.5.23.jar) - jar not loaded. See Servlet Spec 2.3, section 9.7.2. Offending class: javax/el/Expression.class
Dec 07, 2017 12:05:57 PM org.apache.catalina.startup.ContextConfig getServletContainerInitializer
SEVERE: The ServletContentInitializer [# Licensed to the Apache Software Foundation (ASF) under one or more] could not be created
java.lang.ClassNotFoundException: # Licensed to the Apache Software Foundation (ASF) under one or more
	at org.apache.catalina.loader.WebappClassLoader.loadClass(WebappClassLoader.java:1711)
	at org.apache.catalina.loader.WebappClassLoader.loadClass(WebappClassLoader.java:1556)
	at java.lang.Class.forName0(Native Method)
	at java.lang.Class.forName(Unknown Source)
	at org.apache.catalina.startup.ContextConfig.getServletContainerInitializer(ContextConfig.java:1601)
	at org.apache.catalina.startup.ContextConfig.processServletContainerInitializers(ContextConfig.java:1519)
	at org.apache.catalina.startup.ContextConfig.webConfig(ContextConfig.java:1222)
	at org.apache.catalina.startup.ContextConfig.configureStart(ContextConfig.java:855)
	at org.apache.catalina.startup.ContextConfig.lifecycleEvent(ContextConfig.java:345)
	at org.apache.catalina.util.LifecycleSupport.fireLifecycleEvent(LifecycleSupport.java:119)
	at org.apache.catalina.util.LifecycleBase.fireLifecycleEvent(LifecycleBase.java:90)
	at org.apache.catalina.core.StandardContext.startInternal(StandardContext.java:5161)
	at org.apache.catalina.util.LifecycleBase.start(LifecycleBase.java:150)
	at org.apache.catalina.core.ContainerBase.addChildInternal(ContainerBase.java:895)
	at org.apache.catalina.core.ContainerBase.addChild(ContainerBase.java:871)
	at org.apache.catalina.core.StandardHost.addChild(StandardHost.java:615)
	at org.apache.catalina.startup.HostConfig.deployWAR(HostConfig.java:962)
	at org.apache.catalina.startup.HostConfig$DeployWar.run(HostConfig.java:1603)
	at java.util.concurrent.Executors$RunnableAdapter.call(Unknown Source)
	at java.util.concurrent.FutureTask.run(Unknown Source)
	at java.util.concurrent.ThreadPoolExecutor.runWorker(Unknown Source)
	at java.util.concurrent.ThreadPoolExecutor$Worker.run(Unknown Source)
	at java.lang.Thread.run(Unknown Source)

Dec 07, 2017 12:05:57 PM org.apache.catalina.startup.ContextConfig processServletContainerInitializers
SEVERE: Failed to process JAR found at URL [jar:file:/C:/Program%20Files/Apache%20Software%20Foundation/Tomcat%207.0/webapps/kptts/WEB-INF/lib/tomcat-embed-jasper-8.5.23.jar!/] for ServletContainerInitializers for context with name [/kptts]
Dec 07, 2017 12:05:57 PM org.apache.catalina.startup.ContextConfig configureStart
SEVERE: Marking this application unavailable due to previous error(s)
Dec 07, 2017 12:05:57 PM org.apache.catalina.core.StandardContext startInternal
SEVERE: Error getConfigured
Dec 07, 2017 12:05:58 PM org.apache.catalina.util.SessionIdGenerator createSecureRandom
INFO: Creation of SecureRandom instance for session ID generation using [SHA1PRNG] took [216] milliseconds.
Dec 07, 2017 12:05:58 PM org.apache.catalina.core.StandardContext startInternal
SEVERE: Context [/kptts] startup failed due to previous errors
Dec 07, 2017 12:05:58 PM org.apache.catalina.startup.HostConfig deployDirectory
INFO: Deploying web application directory C:\Program Files\Apache Software Foundation\Tomcat 7.0\webapps\docs
Dec 07, 2017 12:05:58 PM org.apache.catalina.startup.HostConfig deployDirectory
INFO: Deploying web application directory C:\Program Files\Apache Software Foundation\Tomcat 7.0\webapps\manager
Dec 07, 2017 12:05:58 PM org.apache.catalina.startup.HostConfig deployDirectory
INFO: Deploying web application directory C:\Program Files\Apache Software Foundation\Tomcat 7.0\webapps\ROOT
Dec 07, 2017 12:05:58 PM org.apache.coyote.AbstractProtocol start
INFO: Starting ProtocolHandler ["http-apr-8080"]
Dec 07, 2017 12:05:58 PM org.apache.coyote.AbstractProtocol start
INFO: Starting ProtocolHandler ["ajp-apr-8009"]
Dec 07, 2017 12:05:58 PM org.apache.catalina.startup.Catalina start
INFO: Server startup in 3455 ms
Dec 07, 2017 12:06:13 PM org.apache.jasper.compiler.JDTCompiler$1 findType
SEVERE: Compilation error
org.eclipse.jdt.internal.compiler.classfmt.ClassFormatException
	at org.eclipse.jdt.internal.compiler.classfmt.ClassFileReader.<init>(ClassFileReader.java:372)
	at org.apache.jasper.compiler.JDTCompiler$1.findType(JDTCompiler.java:232)
	at org.apache.jasper.compiler.JDTCompiler$1.findType(JDTCompiler.java:188)
	at org.eclipse.jdt.internal.compiler.lookup.LookupEnvironment.askForType(LookupEnvironment.java:113)
	at org.eclipse.jdt.internal.compiler.lookup.UnresolvedReferenceBinding.resolve(UnresolvedReferenceBinding.java:49)
	at org.eclipse.jdt.internal.compiler.lookup.BinaryTypeBinding.resolveType(BinaryTypeBinding.java:122)
	at org.eclipse.jdt.internal.compiler.lookup.LookupEnvironment.getTypeFromTypeSignature(LookupEnvironment.java:1335)
	at org.eclipse.jdt.internal.compiler.lookup.LookupEnvironment.getTypeFromVariantTypeSignature(LookupEnvironment.java:1391)
	at org.eclipse.jdt.internal.compiler.lookup.LookupEnvironment.getTypeArgumentsFromSignature(LookupEnvironment.java:1172)
	at org.eclipse.jdt.internal.compiler.lookup.LookupEnvironment.getTypeFromTypeSignature(LookupEnvironment.java:1340)
	at org.eclipse.jdt.internal.compiler.lookup.BinaryTypeBinding.createMethod(BinaryTypeBinding.java:550)
	at org.eclipse.jdt.internal.compiler.lookup.BinaryTypeBinding.createMethods(BinaryTypeBinding.java:630)
	at org.eclipse.jdt.internal.compiler.lookup.BinaryTypeBinding.cachePartsFrom(BinaryTypeBinding.java:365)
	at org.eclipse.jdt.internal.compiler.lookup.LookupEnvironment.createBinaryTypeFrom(LookupEnvironment.java:688)
	at org.eclipse.jdt.internal.compiler.lookup.LookupEnvironment.createBinaryTypeFrom(LookupEnvironment.java:667)
	at org.eclipse.jdt.internal.compiler.Compiler.accept(Compiler.java:296)
	at org.eclipse.jdt.internal.compiler.lookup.LookupEnvironment.askForType(LookupEnvironment.java:118)
	at org.eclipse.jdt.internal.compiler.lookup.UnresolvedReferenceBinding.resolve(UnresolvedReferenceBinding.java:49)
	at org.eclipse.jdt.internal.compiler.lookup.BinaryTypeBinding.resolveType(BinaryTypeBinding.java:122)
	at org.eclipse.jdt.internal.compiler.lookup.PackageBinding.getTypeOrPackage(PackageBinding.java:168)
	at org.eclipse.jdt.internal.compiler.lookup.Scope.getPackage(Scope.java:2379)
	at org.eclipse.jdt.internal.compiler.ast.ParameterizedQualifiedTypeReference.internalResolveLeafType(ParameterizedQualifiedTypeReference.java:138)
	at org.eclipse.jdt.internal.compiler.ast.ParameterizedQualifiedTypeReference.internalResolveType(ParameterizedQualifiedTypeReference.java:132)
	at org.eclipse.jdt.internal.compiler.ast.ParameterizedQualifiedTypeReference.resolveType(ParameterizedQualifiedTypeReference.java:351)
	at org.eclipse.jdt.internal.compiler.lookup.SourceTypeBinding.resolveTypeFor(SourceTypeBinding.java:1374)
	at org.eclipse.jdt.internal.compiler.lookup.SourceTypeBinding.fields(SourceTypeBinding.java:699)
	at org.eclipse.jdt.internal.compiler.lookup.SourceTypeBinding.faultInTypesForFieldsAndMethods(SourceTypeBinding.java:677)
	at org.eclipse.jdt.internal.compiler.lookup.CompilationUnitScope.faultInTypes(CompilationUnitScope.java:469)
	at org.eclipse.jdt.internal.compiler.Compiler.process(Compiler.java:756)
	at org.eclipse.jdt.internal.compiler.Compiler.compile(Compiler.java:468)
	at org.apache.jasper.compiler.JDTCompiler.generateClass(JDTCompiler.java:459)
	at org.apache.jasper.compiler.Compiler.compile(Compiler.java:378)
	at org.apache.jasper.compiler.Compiler.compile(Compiler.java:353)
	at org.apache.jasper.compiler.Compiler.compile(Compiler.java:340)
	at org.apache.jasper.JspCompilationContext.compile(JspCompilationContext.java:646)
	at org.apache.jasper.servlet.JspServletWrapper.service(JspServletWrapper.java:357)
	at org.apache.jasper.servlet.JspServlet.serviceJspFile(JspServlet.java:390)
	at org.apache.jasper.servlet.JspServlet.service(JspServlet.java:334)
	at javax.servlet.http.HttpServlet.service(HttpServlet.java:722)
	at org.apache.catalina.core.ApplicationFilterChain.internalDoFilter(ApplicationFilterChain.java:305)
	at org.apache.catalina.core.ApplicationFilterChain.doFilter(ApplicationFilterChain.java:210)
	at org.apache.catalina.core.StandardWrapperValve.invoke(StandardWrapperValve.java:225)
	at org.apache.catalina.core.StandardContextValve.invoke(StandardContextValve.java:169)
	at org.apache.catalina.core.StandardHostValve.invoke(StandardHostValve.java:168)
	at org.apache.catalina.valves.ErrorReportValve.invoke(ErrorReportValve.java:98)
	at org.apache.catalina.valves.AccessLogValve.invoke(AccessLogValve.java:927)
	at org.apache.catalina.core.StandardEngineValve.invoke(StandardEngineValve.java:118)
	at org.apache.catalina.connector.CoyoteAdapter.service(CoyoteAdapter.java:407)
	at org.apache.coyote.http11.AbstractHttp11Processor.process(AbstractHttp11Processor.java:999)
	at org.apache.coyote.AbstractProtocol$AbstractConnectionHandler.process(AbstractProtocol.java:565)
	at org.apache.tomcat.util.net.AprEndpoint$SocketProcessor.run(AprEndpoint.java:1812)
	at java.util.concurrent.ThreadPoolExecutor.runWorker(Unknown Source)
	at java.util.concurrent.ThreadPoolExecutor$Worker.run(Unknown Source)
	at java.lang.Thread.run(Unknown Source)

Dec 07, 2017 12:06:13 PM org.apache.jasper.compiler.JDTCompiler$1 findType
SEVERE: Compilation error
org.eclipse.jdt.internal.compiler.classfmt.ClassFormatException
	at org.eclipse.jdt.internal.compiler.classfmt.ClassFileReader.<init>(ClassFileReader.java:372)
	at org.apache.jasper.compiler.JDTCompiler$1.findType(JDTCompiler.java:232)
	at org.apache.jasper.compiler.JDTCompiler$1.findType(JDTCompiler.java:188)
	at org.eclipse.jdt.internal.compiler.lookup.LookupEnvironment.askForType(LookupEnvironment.java:113)
	at org.eclipse.jdt.internal.compiler.lookup.UnresolvedReferenceBinding.resolve(UnresolvedReferenceBinding.java:49)
	at org.eclipse.jdt.internal.compiler.lookup.BinaryTypeBinding.resolveType(BinaryTypeBinding.java:122)
	at org.eclipse.jdt.internal.compiler.lookup.PackageBinding.getTypeOrPackage(PackageBinding.java:168)
	at org.eclipse.jdt.internal.compiler.lookup.Scope.getType(Scope.java:2472)
	at org.eclipse.jdt.internal.compiler.ast.TypeDeclaration.resolve(TypeDeclaration.java:1006)
	at org.eclipse.jdt.internal.compiler.ast.TypeDeclaration.resolve(TypeDeclaration.java:1258)
	at org.eclipse.jdt.internal.compiler.ast.CompilationUnitDeclaration.resolve(CompilationUnitDeclaration.java:539)
	at org.eclipse.jdt.internal.compiler.Compiler.process(Compiler.java:763)
	at org.eclipse.jdt.internal.compiler.Compiler.compile(Compiler.java:468)
	at org.apache.jasper.compiler.JDTCompiler.generateClass(JDTCompiler.java:459)
	at org.apache.jasper.compiler.Compiler.compile(Compiler.java:378)
	at org.apache.jasper.compiler.Compiler.compile(Compiler.java:353)
	at org.apache.jasper.compiler.Compiler.compile(Compiler.java:340)
	at org.apache.jasper.JspCompilationContext.compile(JspCompilationContext.java:646)
	at org.apache.jasper.servlet.JspServletWrapper.service(JspServletWrapper.java:357)
	at org.apache.jasper.servlet.JspServlet.serviceJspFile(JspServlet.java:390)
	at org.apache.jasper.servlet.JspServlet.service(JspServlet.java:334)
	at javax.servlet.http.HttpServlet.service(HttpServlet.java:722)
	at org.apache.catalina.core.ApplicationFilterChain.internalDoFilter(ApplicationFilterChain.java:305)
	at org.apache.catalina.core.ApplicationFilterChain.doFilter(ApplicationFilterChain.java:210)
	at org.apache.catalina.core.StandardWrapperValve.invoke(StandardWrapperValve.java:225)
	at org.apache.catalina.core.StandardContextValve.invoke(StandardContextValve.java:169)
	at org.apache.catalina.core.StandardHostValve.invoke(StandardHostValve.java:168)
	at org.apache.catalina.valves.ErrorReportValve.invoke(ErrorReportValve.java:98)
	at org.apache.catalina.valves.AccessLogValve.invoke(AccessLogValve.java:927)
	at org.apache.catalina.core.StandardEngineValve.invoke(StandardEngineValve.java:118)
	at org.apache.catalina.connector.CoyoteAdapter.service(CoyoteAdapter.java:407)
	at org.apache.coyote.http11.AbstractHttp11Processor.process(AbstractHttp11Processor.java:999)
	at org.apache.coyote.AbstractProtocol$AbstractConnectionHandler.process(AbstractProtocol.java:565)
	at org.apache.tomcat.util.net.AprEndpoint$SocketProcessor.run(AprEndpoint.java:1812)
	at java.util.concurrent.ThreadPoolExecutor.runWorker(Unknown Source)
	at java.util.concurrent.ThreadPoolExecutor$Worker.run(Unknown Source)
	at java.lang.Thread.run(Unknown Source)

